Build started Nov-14-11 10:05:02 PM.
     1>Project "C:\Users\Alejandro\Desktop\ABM_sim\ABM.vcxproj" on node 2 (build target(s)).
     1>InitializeBuildStatus:
         Creating "Debug\ABM.unsuccessfulbuild" because "AlwaysCreate" was specified.
       ClCompile:
         c:\Program Files (x86)\Microsoft Visual Studio 10.0\VC\bin\CL.exe /c /ZI /nologo /W3 /WX- /Od /Oy- /D WIN /D _DEBUG /D _WINDOWS /D _UNICODE /D UNICODE /Gm /EHsc /RTC1 /MDd /GS /fp:precise /Zc:wchar_t /Zc:forScope /Fo"Debug\\" /Fd"Debug\vc100.pdb" /Gd /TP /analyze- /errorReport:prompt source\main.cpp
         main.cpp
     1>c:\users\alejandro\desktop\abm_sim\source\generic\readinifiles.h(36): warning C4996: 'sprintf': This function or variable may be unsafe. Consider using sprintf_s instead. To disable deprecation, use _CRT_SECURE_NO_WARNINGS. See online help for details.
                 c:\program files (x86)\microsoft visual studio 10.0\vc\include\stdio.h(371) : see declaration of 'sprintf'
     1>c:\users\alejandro\desktop\abm_sim\source\generic\readinifiles.h(43): warning C4244: '=' : conversion from 'double' to 'float', possible loss of data
     1>c:\users\alejandro\desktop\abm_sim\source\generic\genericsettings.h(26): warning C4800: 'float' : forcing value to bool 'true' or 'false' (performance warning)
     1>c:\users\alejandro\desktop\abm_sim\source\generic\genericsettings.h(27): warning C4800: 'float' : forcing value to bool 'true' or 'false' (performance warning)
     1>c:\users\alejandro\desktop\abm_sim\source\generic\genericsettings.h(28): warning C4800: 'float' : forcing value to bool 'true' or 'false' (performance warning)
     1>c:\users\alejandro\desktop\abm_sim\source\generic\genericsettings.h(29): warning C4800: 'float' : forcing value to bool 'true' or 'false' (performance warning)
     1>c:\users\alejandro\desktop\abm_sim\source\generic\dirlist.h(9): warning C4996: 'sprintf': This function or variable may be unsafe. Consider using sprintf_s instead. To disable deprecation, use _CRT_SECURE_NO_WARNINGS. See online help for details.
                 c:\program files (x86)\microsoft visual studio 10.0\vc\include\stdio.h(371) : see declaration of 'sprintf'
     1>c:\users\alejandro\desktop\abm_sim\source\generic\dirlist.h(31): warning C4996: 'sprintf': This function or variable may be unsafe. Consider using sprintf_s instead. To disable deprecation, use _CRT_SECURE_NO_WARNINGS. See online help for details.
                 c:\program files (x86)\microsoft visual studio 10.0\vc\include\stdio.h(371) : see declaration of 'sprintf'
     1>c:\users\alejandro\desktop\abm_sim\source\generic\initvideo.h(31): warning C4244: '=' : conversion from 'int' to 'float', possible loss of data
     1>c:\users\alejandro\desktop\abm_sim\source\generic\initvideo.h(32): warning C4244: '=' : conversion from 'int' to 'float', possible loss of data
     1>c:\users\alejandro\desktop\abm_sim\source\generic\initvideo.h(42): warning C4244: 'argument' : conversion from 'float' to 'GLsizei', possible loss of data
     1>c:\users\alejandro\desktop\abm_sim\source\generic\initvideo.h(42): warning C4244: 'argument' : conversion from 'float' to 'GLsizei', possible loss of data
     1>c:\users\alejandro\desktop\abm_sim\source\generic\initvideo.h(75): warning C4244: '=' : conversion from 'int' to 'float', possible loss of data
     1>c:\users\alejandro\desktop\abm_sim\source\generic\initvideo.h(76): warning C4244: '=' : conversion from 'int' to 'float', possible loss of data
     1>c:\users\alejandro\desktop\abm_sim\source\generic\loadobj.h(37): warning C4996: 'strtok': This function or variable may be unsafe. Consider using strtok_s instead. To disable deprecation, use _CRT_SECURE_NO_WARNINGS. See online help for details.
                 c:\program files (x86)\microsoft visual studio 10.0\vc\include\string.h(197) : see declaration of 'strtok'
     1>c:\users\alejandro\desktop\abm_sim\source\generic\loadobj.h(38): warning C4996: 'strtok': This function or variable may be unsafe. Consider using strtok_s instead. To disable deprecation, use _CRT_SECURE_NO_WARNINGS. See online help for details.
                 c:\program files (x86)\microsoft visual studio 10.0\vc\include\string.h(197) : see declaration of 'strtok'
     1>c:\users\alejandro\desktop\abm_sim\source\generic\loadobj.h(39): warning C4996: 'strtok': This function or variable may be unsafe. Consider using strtok_s instead. To disable deprecation, use _CRT_SECURE_NO_WARNINGS. See online help for details.
                 c:\program files (x86)\microsoft visual studio 10.0\vc\include\string.h(197) : see declaration of 'strtok'
     1>c:\users\alejandro\desktop\abm_sim\source\generic\loadobj.h(41): warning C4996: 'strtok': This function or variable may be unsafe. Consider using strtok_s instead. To disable deprecation, use _CRT_SECURE_NO_WARNINGS. See online help for details.
                 c:\program files (x86)\microsoft visual studio 10.0\vc\include\string.h(197) : see declaration of 'strtok'
     1>c:\users\alejandro\desktop\abm_sim\source\generic\loadobj.h(42): warning C4996: 'strtok': This function or variable may be unsafe. Consider using strtok_s instead. To disable deprecation, use _CRT_SECURE_NO_WARNINGS. See online help for details.
                 c:\program files (x86)\microsoft visual studio 10.0\vc\include\string.h(197) : see declaration of 'strtok'
     1>c:\users\alejandro\desktop\abm_sim\source\generic\loadobj.h(43): warning C4996: 'strtok': This function or variable may be unsafe. Consider using strtok_s instead. To disable deprecation, use _CRT_SECURE_NO_WARNINGS. See online help for details.
                 c:\program files (x86)\microsoft visual studio 10.0\vc\include\string.h(197) : see declaration of 'strtok'
     1>c:\users\alejandro\desktop\abm_sim\source\generic\loadobj.h(45): warning C4996: 'strtok': This function or variable may be unsafe. Consider using strtok_s instead. To disable deprecation, use _CRT_SECURE_NO_WARNINGS. See online help for details.
                 c:\program files (x86)\microsoft visual studio 10.0\vc\include\string.h(197) : see declaration of 'strtok'
     1>c:\users\alejandro\desktop\abm_sim\source\generic\loadobj.h(46): warning C4996: 'strtok': This function or variable may be unsafe. Consider using strtok_s instead. To disable deprecation, use _CRT_SECURE_NO_WARNINGS. See online help for details.
                 c:\program files (x86)\microsoft visual studio 10.0\vc\include\string.h(197) : see declaration of 'strtok'
     1>c:\users\alejandro\desktop\abm_sim\source\generic\loadobj.h(47): warning C4996: 'strtok': This function or variable may be unsafe. Consider using strtok_s instead. To disable deprecation, use _CRT_SECURE_NO_WARNINGS. See online help for details.
                 c:\program files (x86)\microsoft visual studio 10.0\vc\include\string.h(197) : see declaration of 'strtok'
     1>c:\users\alejandro\desktop\abm_sim\source\generic\lodepng.h(6659): warning C4996: 'fopen': This function or variable may be unsafe. Consider using fopen_s instead. To disable deprecation, use _CRT_SECURE_NO_WARNINGS. See online help for details.
                 c:\program files (x86)\microsoft visual studio 10.0\vc\include\stdio.h(234) : see declaration of 'fopen'
     1>c:\users\alejandro\desktop\abm_sim\source\generic\lodepng.h(6681): warning C4996: 'fopen': This function or variable may be unsafe. Consider using fopen_s instead. To disable deprecation, use _CRT_SECURE_NO_WARNINGS. See online help for details.
                 c:\program files (x86)\microsoft visual studio 10.0\vc\include\stdio.h(234) : see declaration of 'fopen'
     1>c:\users\alejandro\desktop\abm_sim\source\generic\sdldraw\rotoscale.h(158): warning C4244: 'initializing' : conversion from 'float' to 'int', possible loss of data
     1>c:\users\alejandro\desktop\abm_sim\source\generic\sdldraw\rotoscale.h(160): warning C4244: 'initializing' : conversion from 'float' to 'int', possible loss of data
     1>c:\users\alejandro\desktop\abm_sim\source\generic\dashboard\dashtime.h(39): warning C4996: 'localtime': This function or variable may be unsafe. Consider using localtime_s instead. To disable deprecation, use _CRT_SECURE_NO_WARNINGS. See online help for details.
                 c:\program files (x86)\microsoft visual studio 10.0\vc\include\time.inl(112) : see declaration of 'localtime'
     1>c:\users\alejandro\desktop\abm_sim\source\generic\dashboard\dashtime.h(50): warning C4996: 'sprintf': This function or variable may be unsafe. Consider using sprintf_s instead. To disable deprecation, use _CRT_SECURE_NO_WARNINGS. See online help for details.
                 c:\program files (x86)\microsoft visual studio 10.0\vc\include\stdio.h(371) : see declaration of 'sprintf'
     1>c:\users\alejandro\desktop\abm_sim\source\generic\dashboard\dashtime.h(53): warning C4996: 'strcpy': This function or variable may be unsafe. Consider using strcpy_s instead. To disable deprecation, use _CRT_SECURE_NO_WARNINGS. See online help for details.
                 c:\program files (x86)\microsoft visual studio 10.0\vc\include\string.h(105) : see declaration of 'strcpy'
     1>c:\users\alejandro\desktop\abm_sim\source\generic\dashboard\dashtime.h(55): warning C4996: 'sprintf': This function or variable may be unsafe. Consider using sprintf_s instead. To disable deprecation, use _CRT_SECURE_NO_WARNINGS. See online help for details.
                 c:\program files (x86)\microsoft visual studio 10.0\vc\include\stdio.h(371) : see declaration of 'sprintf'
     1>c:\users\alejandro\desktop\abm_sim\source\generic\dashboard\dashtime.h(58): warning C4996: 'sprintf': This function or variable may be unsafe. Consider using sprintf_s instead. To disable deprecation, use _CRT_SECURE_NO_WARNINGS. See online help for details.
                 c:\program files (x86)\microsoft visual studio 10.0\vc\include\stdio.h(371) : see declaration of 'sprintf'
     1>c:\users\alejandro\desktop\abm_sim\source\generic\dashboard\dashtime.h(60): warning C4996: 'sprintf': This function or variable may be unsafe. Consider using sprintf_s instead. To disable deprecation, use _CRT_SECURE_NO_WARNINGS. See online help for details.
                 c:\program files (x86)\microsoft visual studio 10.0\vc\include\stdio.h(371) : see declaration of 'sprintf'
     1>c:\users\alejandro\desktop\abm_sim\source\generic\dashboard\dashtime.h(63): warning C4996: 'strcat': This function or variable may be unsafe. Consider using strcat_s instead. To disable deprecation, use _CRT_SECURE_NO_WARNINGS. See online help for details.
                 c:\program files (x86)\microsoft visual studio 10.0\vc\include\string.h(110) : see declaration of 'strcat'
     1>c:\users\alejandro\desktop\abm_sim\source\generic\dashboard\dashtime.h(65): warning C4996: 'strcat': This function or variable may be unsafe. Consider using strcat_s instead. To disable deprecation, use _CRT_SECURE_NO_WARNINGS. See online help for details.
                 c:\program files (x86)\microsoft visual studio 10.0\vc\include\string.h(110) : see declaration of 'strcat'
     1>c:\users\alejandro\desktop\abm_sim\source\generic\dashboard\dashtime.h(66): warning C4996: 'sprintf': This function or variable may be unsafe. Consider using sprintf_s instead. To disable deprecation, use _CRT_SECURE_NO_WARNINGS. See online help for details.
                 c:\program files (x86)\microsoft visual studio 10.0\vc\include\stdio.h(371) : see declaration of 'sprintf'
     1>c:\users\alejandro\desktop\abm_sim\source\generic\dashboard\dashtime.h(67): warning C4996: 'strcat': This function or variable may be unsafe. Consider using strcat_s instead. To disable deprecation, use _CRT_SECURE_NO_WARNINGS. See online help for details.
                 c:\program files (x86)\microsoft visual studio 10.0\vc\include\string.h(110) : see declaration of 'strcat'
     1>c:\users\alejandro\desktop\abm_sim\source\generic\dashboard\dashtime.h(69): warning C4996: 'strcat': This function or variable may be unsafe. Consider using strcat_s instead. To disable deprecation, use _CRT_SECURE_NO_WARNINGS. See online help for details.
                 c:\program files (x86)\microsoft visual studio 10.0\vc\include\string.h(110) : see declaration of 'strcat'
     1>c:\users\alejandro\desktop\abm_sim\source\generic\dashboard\dashtime.h(70): warning C4996: 'sprintf': This function or variable may be unsafe. Consider using sprintf_s instead. To disable deprecation, use _CRT_SECURE_NO_WARNINGS. See online help for details.
                 c:\program files (x86)\microsoft visual studio 10.0\vc\include\stdio.h(371) : see declaration of 'sprintf'
     1>c:\users\alejandro\desktop\abm_sim\source\generic\dashboard\dashtime.h(72): warning C4996: 'strcat': This function or variable may be unsafe. Consider using strcat_s instead. To disable deprecation, use _CRT_SECURE_NO_WARNINGS. See online help for details.
                 c:\program files (x86)\microsoft visual studio 10.0\vc\include\string.h(110) : see declaration of 'strcat'
     1>c:\users\alejandro\desktop\abm_sim\source\generic\dashboard\dashtime.h(74): warning C4996: 'strcat': This function or variable may be unsafe. Consider using strcat_s instead. To disable deprecation, use _CRT_SECURE_NO_WARNINGS. See online help for details.
                 c:\program files (x86)\microsoft visual studio 10.0\vc\include\string.h(110) : see declaration of 'strcat'
     1>c:\users\alejandro\desktop\abm_sim\source\generic\dashboard\dashcursor.h(18): warning C4244: 'argument' : conversion from 'int' to 'float', possible loss of data
     1>c:\users\alejandro\desktop\abm_sim\source\generic\dashboard\dashcursor.h(26): warning C4244: 'argument' : conversion from 'int' to 'float', possible loss of data
     1>c:\users\alejandro\desktop\abm_sim\source\generic\dashboard\dashcursor.h(26): warning C4244: 'argument' : conversion from 'int' to 'float', possible loss of data
     1>c:\users\alejandro\desktop\abm_sim\source\generic\dashboard\dashtext.h(16): warning C4244: 'argument' : conversion from 'int' to 'float', possible loss of data
     1>c:\users\alejandro\desktop\abm_sim\source\generic\dashboard\dashtext.h(16): warning C4244: 'argument' : conversion from 'int' to 'float', possible loss of data
     1>c:\users\alejandro\desktop\abm_sim\source\generic\dashboard\dashtext.h(24): warning C4244: 'argument' : conversion from 'int' to 'float', possible loss of data
     1>c:\users\alejandro\desktop\abm_sim\source\generic\dashboard\dashtext.h(24): warning C4244: 'argument' : conversion from 'int' to 'float', possible loss of data
     1>c:\users\alejandro\desktop\abm_sim\source\generic\dashboard\dashbutton.h(12): warning C4244: 'argument' : conversion from 'int' to 'float', possible loss of data
     1>c:\users\alejandro\desktop\abm_sim\source\generic\dashboard\dashbutton.h(12): warning C4244: 'argument' : conversion from 'int' to 'float', possible loss of data
     1>c:\users\alejandro\desktop\abm_sim\source\generic\dashboard\dashbutton.h(21): warning C4244: 'argument' : conversion from 'int' to 'float', possible loss of data
     1>c:\users\alejandro\desktop\abm_sim\source\generic\dashboard\dashbutton.h(21): warning C4244: 'argument' : conversion from 'int' to 'float', possible loss of data
     1>c:\users\alejandro\desktop\abm_sim\source\generic\dashboard\dashbutton.h(22): warning C4244: 'argument' : conversion from 'int' to 'float', possible loss of data
     1>c:\users\alejandro\desktop\abm_sim\source\generic\dashboard\dashbutton.h(22): warning C4244: 'argument' : conversion from 'int' to 'float', possible loss of data
     1>c:\users\alejandro\desktop\abm_sim\source\generic\dashboard\dashbutton.h(23): warning C4244: 'argument' : conversion from 'int' to 'float', possible loss of data
     1>c:\users\alejandro\desktop\abm_sim\source\generic\dashboard\dashbutton.h(23): warning C4244: 'argument' : conversion from 'int' to 'float', possible loss of data
     1>c:\users\alejandro\desktop\abm_sim\source\generic\dashboard\dashbutton.h(24): warning C4244: 'argument' : conversion from 'int' to 'float', possible loss of data
     1>c:\users\alejandro\desktop\abm_sim\source\generic\dashboard\dashbutton.h(24): warning C4244: 'argument' : conversion from 'int' to 'float', possible loss of data
     1>c:\users\alejandro\desktop\abm_sim\source\generic\dashboard\dashbutton.h(27): warning C4244: 'argument' : conversion from 'int' to 'float', possible loss of data
     1>c:\users\alejandro\desktop\abm_sim\source\generic\dashboard\dashbutton.h(27): warning C4244: 'argument' : conversion from 'int' to 'float', possible loss of data
     1>c:\users\alejandro\desktop\abm_sim\source\generic\dashboard\dashbutton.h(28): warning C4244: 'argument' : conversion from 'int' to 'float', possible loss of data
     1>c:\users\alejandro\desktop\abm_sim\source\generic\dashboard\dashbutton.h(28): warning C4244: 'argument' : conversion from 'int' to 'float', possible loss of data
     1>c:\users\alejandro\desktop\abm_sim\source\generic\dashboard\dashbutton.h(28): warning C4244: 'argument' : conversion from 'int' to 'float', possible loss of data
     1>c:\users\alejandro\desktop\abm_sim\source\generic\dashboard\dashbutton.h(31): warning C4244: 'argument' : conversion from 'int' to 'float', possible loss of data
     1>c:\users\alejandro\desktop\abm_sim\source\generic\dashboard\dashbutton.h(31): warning C4244: 'argument' : conversion from 'int' to 'float', possible loss of data
     1>c:\users\alejandro\desktop\abm_sim\source\generic\dashboard\dashbutton.h(32): warning C4244: 'argument' : conversion from 'int' to 'float', possible loss of data
     1>c:\users\alejandro\desktop\abm_sim\source\generic\dashboard\dashbutton.h(32): warning C4244: 'argument' : conversion from 'int' to 'float', possible loss of data
     1>c:\users\alejandro\desktop\abm_sim\source\generic\dashboard\dashbutton.h(32): warning C4244: 'argument' : conversion from 'int' to 'float', possible loss of data
     1>c:\users\alejandro\desktop\abm_sim\source\generic\dashboard\dashbutton.h(35): warning C4244: 'argument' : conversion from 'int' to 'float', possible loss of data
     1>c:\users\alejandro\desktop\abm_sim\source\generic\dashboard\dashbutton.h(35): warning C4244: 'argument' : conversion from 'int' to 'float', possible loss of data
     1>c:\users\alejandro\desktop\abm_sim\source\generic\dashboard\dashbutton.h(36): warning C4244: 'argument' : conversion from 'int' to 'float', possible loss of data
     1>c:\users\alejandro\desktop\abm_sim\source\generic\dashboard\dashbutton.h(36): warning C4244: 'argument' : conversion from 'int' to 'float', possible loss of data
     1>c:\users\alejandro\desktop\abm_sim\source\generic\dashboard\dashbutton.h(36): warning C4244: 'argument' : conversion from 'int' to 'float', possible loss of data
     1>c:\users\alejandro\desktop\abm_sim\source\generic\dashboard\dashbutton.h(39): warning C4244: 'argument' : conversion from 'int' to 'float', possible loss of data
     1>c:\users\alejandro\desktop\abm_sim\source\generic\dashboard\dashbutton.h(39): warning C4244: 'argument' : conversion from 'int' to 'float', possible loss of data
     1>c:\users\alejandro\desktop\abm_sim\source\generic\dashboard\dashbutton.h(40): warning C4244: 'argument' : conversion from 'int' to 'float', possible loss of data
     1>c:\users\alejandro\desktop\abm_sim\source\generic\dashboard\dashbutton.h(40): warning C4244: 'argument' : conversion from 'int' to 'float', possible loss of data
     1>c:\users\alejandro\desktop\abm_sim\source\generic\dashboard\dashbutton.h(40): warning C4244: 'argument' : conversion from 'int' to 'float', possible loss of data
     1>c:\users\alejandro\desktop\abm_sim\source\generic\dashboard\dashbutton.h(43): warning C4244: 'argument' : conversion from 'int' to 'float', possible loss of data
     1>c:\users\alejandro\desktop\abm_sim\source\generic\dashboard\dashbutton.h(43): warning C4244: 'argument' : conversion from 'int' to 'float', possible loss of data
     1>c:\users\alejandro\desktop\abm_sim\source\generic\dashboard\dashbutton.h(45): warning C4244: 'argument' : conversion from 'int' to 'float', possible loss of data
     1>c:\users\alejandro\desktop\abm_sim\source\generic\dashboard\dashbutton.h(45): warning C4244: 'argument' : conversion from 'int' to 'float', possible loss of data
     1>c:\users\alejandro\desktop\abm_sim\source\generic\dashboard\dashbutton.h(45): warning C4244: 'argument' : conversion from 'int' to 'float', possible loss of data
     1>c:\users\alejandro\desktop\abm_sim\source\generic\dashboard\dashbutton.h(47): warning C4244: 'argument' : conversion from 'int' to 'float', possible loss of data
     1>c:\users\alejandro\desktop\abm_sim\source\generic\dashboard\dashbutton.h(47): warning C4244: 'argument' : conversion from 'int' to 'float', possible loss of data
     1>c:\users\alejandro\desktop\abm_sim\source\generic\dashboard\dashbutton.h(47): warning C4244: 'argument' : conversion from 'int' to 'float', possible loss of data
     1>c:\users\alejandro\desktop\abm_sim\source\generic\dashboard\dashbutton.h(48): warning C4244: 'argument' : conversion from 'int' to 'float', possible loss of data
     1>c:\users\alejandro\desktop\abm_sim\source\generic\dashboard\dashbutton.h(48): warning C4244: 'argument' : conversion from 'int' to 'float', possible loss of data
     1>c:\users\alejandro\desktop\abm_sim\source\generic\dashboard\dashbutton.h(48): warning C4244: 'argument' : conversion from 'int' to 'float', possible loss of data
     1>c:\users\alejandro\desktop\abm_sim\source\generic\dashboard\dashbutton.h(48): warning C4244: 'argument' : conversion from 'int' to 'float', possible loss of data
     1>c:\users\alejandro\desktop\abm_sim\source\generic\dashboard\dashonoff.h(16): warning C4244: 'initializing' : conversion from 'float' to 'unsigned int', possible loss of data
     1>c:\users\alejandro\desktop\abm_sim\source\generic\dashboard\dashonoff.h(27): warning C4244: 'argument' : conversion from 'float' to 'GLsizei', possible loss of data
     1>c:\users\alejandro\desktop\abm_sim\source\generic\dashboard\dashonoff.h(27): warning C4244: 'argument' : conversion from 'float' to 'GLsizei', possible loss of data
     1>c:\users\alejandro\desktop\abm_sim\source\generic\dashboard\dashonoff.h(36): warning C4244: 'argument' : conversion from 'float' to 'GLsizei', possible loss of data
     1>c:\users\alejandro\desktop\abm_sim\source\generic\dashboard\dashonoff.h(36): warning C4244: 'argument' : conversion from 'float' to 'GLsizei', possible loss of data
     1>c:\users\alejandro\desktop\abm_sim\source\generic\dashboard\dashbars.h(23): warning C4996: 'sprintf': This function or variable may be unsafe. Consider using sprintf_s instead. To disable deprecation, use _CRT_SECURE_NO_WARNINGS. See online help for details.
                 c:\program files (x86)\microsoft visual studio 10.0\vc\include\stdio.h(371) : see declaration of 'sprintf'
     1>c:\users\alejandro\desktop\abm_sim\source\generic\dashboard\dashbars.h(24): warning C4996: 'sprintf': This function or variable may be unsafe. Consider using sprintf_s instead. To disable deprecation, use _CRT_SECURE_NO_WARNINGS. See online help for details.
                 c:\program files (x86)\microsoft visual studio 10.0\vc\include\stdio.h(371) : see declaration of 'sprintf'
     1>c:\users\alejandro\desktop\abm_sim\source\generic\dashboard\dashbars.h(33): warning C4244: 'argument' : conversion from 'int' to 'float', possible loss of data
     1>c:\users\alejandro\desktop\abm_sim\source\generic\dashboard\dashbars.h(39): warning C4996: 'sprintf': This function or variable may be unsafe. Consider using sprintf_s instead. To disable deprecation, use _CRT_SECURE_NO_WARNINGS. See online help for details.
                 c:\program files (x86)\microsoft visual studio 10.0\vc\include\stdio.h(371) : see declaration of 'sprintf'
     1>c:\users\alejandro\desktop\abm_sim\source\generic\dashboard\dashbars.h(49): warning C4244: 'argument' : conversion from 'float' to 'int', possible loss of data
     1>c:\users\alejandro\desktop\abm_sim\source\generic\dashboard\dashbars.h(50): warning C4244: 'argument' : conversion from 'float' to 'int', possible loss of data
     1>c:\users\alejandro\desktop\abm_sim\source\generic\dashboard\dashbars.h(56): warning C4244: 'argument' : conversion from 'float' to 'int', possible loss of data
     1>c:\users\alejandro\desktop\abm_sim\source\generic\dashboard\dashbars.h(57): warning C4244: 'argument' : conversion from 'float' to 'int', possible loss of data
     1>c:\users\alejandro\desktop\abm_sim\source\generic\dashboard\dashmenu.h(5): warning C4996: 'sprintf': This function or variable may be unsafe. Consider using sprintf_s instead. To disable deprecation, use _CRT_SECURE_NO_WARNINGS. See online help for details.
                 c:\program files (x86)\microsoft visual studio 10.0\vc\include\stdio.h(371) : see declaration of 'sprintf'
     1>c:\users\alejandro\desktop\abm_sim\source\generic\dashboard\dashmenu.h(10): warning C4996: 'sprintf': This function or variable may be unsafe. Consider using sprintf_s instead. To disable deprecation, use _CRT_SECURE_NO_WARNINGS. See online help for details.
                 c:\program files (x86)\microsoft visual studio 10.0\vc\include\stdio.h(371) : see declaration of 'sprintf'
     1>c:\users\alejandro\desktop\abm_sim\source\generic\dashboard\dashmenu.h(15): warning C4244: 'initializing' : conversion from 'float' to 'int', possible loss of data
     1>c:\users\alejandro\desktop\abm_sim\source\generic\dashboard\dashmenu.h(16): warning C4244: 'initializing' : conversion from 'float' to 'int', possible loss of data
     1>c:\users\alejandro\desktop\abm_sim\source\generic\dashboard\dashmenu.h(42): warning C4244: 'initializing' : conversion from 'float' to 'int', possible loss of data
     1>c:\users\alejandro\desktop\abm_sim\source\generic\dashboard\dashmenu.h(43): warning C4244: 'argument' : conversion from 'float' to 'int', possible loss of data
     1>c:\users\alejandro\desktop\abm_sim\source\generic\dashboard\dashmenu.h(43): warning C4244: 'argument' : conversion from 'float' to 'int', possible loss of data
     1>c:\users\alejandro\desktop\abm_sim\source\projectspecific\saveandload.h(47): warning C4996: 'fopen': This function or variable may be unsafe. Consider using fopen_s instead. To disable deprecation, use _CRT_SECURE_NO_WARNINGS. See online help for details.
                 c:\program files (x86)\microsoft visual studio 10.0\vc\include\stdio.h(234) : see declaration of 'fopen'
     1>c:\users\alejandro\desktop\abm_sim\source\projectspecific\saveandload.h(178): warning C4996: 'fopen': This function or variable may be unsafe. Consider using fopen_s instead. To disable deprecation, use _CRT_SECURE_NO_WARNINGS. See online help for details.
                 c:\program files (x86)\microsoft visual studio 10.0\vc\include\stdio.h(234) : see declaration of 'fopen'
     1>c:\users\alejandro\desktop\abm_sim\source\projectspecific\saveandload.h(313): warning C4996: 'fopen': This function or variable may be unsafe. Consider using fopen_s instead. To disable deprecation, use _CRT_SECURE_NO_WARNINGS. See online help for details.
                 c:\program files (x86)\microsoft visual studio 10.0\vc\include\stdio.h(234) : see declaration of 'fopen'
     1>c:\users\alejandro\desktop\abm_sim\source\projectspecific\saveandload.h(323): warning C4996: 'fopen': This function or variable may be unsafe. Consider using fopen_s instead. To disable deprecation, use _CRT_SECURE_NO_WARNINGS. See online help for details.
                 c:\program files (x86)\microsoft visual studio 10.0\vc\include\stdio.h(234) : see declaration of 'fopen'
     1>c:\users\alejandro\desktop\abm_sim\source\projectspecific\menuandhud.h(78): warning C4996: 'sprintf': This function or variable may be unsafe. Consider using sprintf_s instead. To disable deprecation, use _CRT_SECURE_NO_WARNINGS. See online help for details.
                 c:\program files (x86)\microsoft visual studio 10.0\vc\include\stdio.h(371) : see declaration of 'sprintf'
     1>c:\users\alejandro\desktop\abm_sim\source\projectspecific\menuandhud.h(81): warning C4996: 'sprintf': This function or variable may be unsafe. Consider using sprintf_s instead. To disable deprecation, use _CRT_SECURE_NO_WARNINGS. See online help for details.
                 c:\program files (x86)\microsoft visual studio 10.0\vc\include\stdio.h(371) : see declaration of 'sprintf'
     1>c:\users\alejandro\desktop\abm_sim\source\projectspecific\menuandhud.h(134): warning C4554: '|' : check operator precedence for possible error; use parentheses to clarify precedence
     1>c:\users\alejandro\desktop\abm_sim\source\projectspecific\menuandhud.h(135): warning C4554: '|' : check operator precedence for possible error; use parentheses to clarify precedence
     1>c:\users\alejandro\desktop\abm_sim\source\projectspecific\menuandhud.h(136): warning C4554: '|' : check operator precedence for possible error; use parentheses to clarify precedence
     1>c:\users\alejandro\desktop\abm_sim\source\projectspecific\play.h(26): warning C4305: '+=' : truncation from 'double' to 'float'
     1>c:\users\alejandro\desktop\abm_sim\source\projectspecific\play.h(27): warning C4305: '-=' : truncation from 'double' to 'float'
     1>c:\users\alejandro\desktop\abm_sim\source\projectspecific\play.h(52): warning C4554: '|' : check operator precedence for possible error; use parentheses to clarify precedence
     1>c:\users\alejandro\desktop\abm_sim\source\projectspecific\play.h(312): warning C4244: '=' : conversion from 'double' to 'float', possible loss of data
     1>c:\users\alejandro\desktop\abm_sim\source\projectsetup.h(70): warning C4996: 'sprintf': This function or variable may be unsafe. Consider using sprintf_s instead. To disable deprecation, use _CRT_SECURE_NO_WARNINGS. See online help for details.
                 c:\program files (x86)\microsoft visual studio 10.0\vc\include\stdio.h(371) : see declaration of 'sprintf'
     1>c:\users\alejandro\desktop\abm_sim\source\projectsetup.h(71): warning C4305: '=' : truncation from 'double' to 'float'
       ManifestResourceCompile:
         All outputs are up-to-date.
       Link:
         c:\Program Files (x86)\Microsoft Visual Studio 10.0\VC\bin\link.exe /ERRORREPORT:PROMPT /OUT:"C:\Users\Alejandro\Desktop\ABM_sim\Debug\ABM.exe" /INCREMENTAL /NOLOGO /LIBPATH:C:\Users\Alejandro\Desktop\ABM_sim\source\lib SDL.lib SDLmain.lib SDL_image.lib SDL_mixer.lib opengl32.lib glu32.lib kernel32.lib user32.lib gdi32.lib winspool.lib comdlg32.lib advapi32.lib shell32.lib ole32.lib oleaut32.lib uuid.lib odbc32.lib odbccp32.lib kernel32.lib user32.lib gdi32.lib winspool.lib comdlg32.lib advapi32.lib shell32.lib ole32.lib oleaut32.lib uuid.lib odbc32.lib odbccp32.lib /MANIFEST /ManifestFile:"Debug\ABM.exe.intermediate.manifest" /MANIFESTUAC:"level='asInvoker' uiAccess='false'" /DEBUG /PDB:"C:\Users\Alejandro\Desktop\ABM_sim\Debug\ABM.pdb" /SUBSYSTEM:WINDOWS /TLBID:1 /DYNAMICBASE /NXCOMPAT /IMPLIB:"C:\Users\Alejandro\Desktop\ABM_sim\Debug\ABM.lib" /MACHINE:X86 Debug\ABM.exe.embed.manifest.res
         Debug\main.obj
       Manifest:
         C:\Program Files (x86)\Microsoft SDKs\Windows\v7.0A\bin\mt.exe /nologo /verbose /out:"Debug\ABM.exe.embed.manifest" /manifest Debug\ABM.exe.intermediate.manifest
         All outputs are up-to-date.
       LinkEmbedManifest:
         All outputs are up-to-date.
         ABM.vcxproj -> C:\Users\Alejandro\Desktop\ABM_sim\Debug\ABM.exe
       FinalizeBuildStatus:
         Deleting file "Debug\ABM.unsuccessfulbuild".
         Touching "Debug\ABM.lastbuildstate".
     1>Done Building Project "C:\Users\Alejandro\Desktop\ABM_sim\ABM.vcxproj" (build target(s)).

Build succeeded.

Time Elapsed 00:00:03.73
